<?xml version="1.0" encoding="UTF-8"?>
<!-- Generated by org.testng.reporters.JUnitReportReporter -->
<testsuite hostname="LAPTOP-LU6Q7BBB" name="com.apr2024framework.script.LoginTest" tests="1" failures="0" timestamp="17 May 2024 14:07:51 GMT" time="2.510" errors="0">
  <testcase name="testLogin" time="2.510" classname="com.apr2024framework.script.LoginTest"/>
</testsuite> <!-- com.apr2024framework.script.LoginTest -->
