<?xml version="1.0" encoding="UTF-8"?>
<!-- Generated by org.testng.reporters.JUnitReportReporter -->
<testsuite hostname="LAPTOP-4H3UEKUH" name="com.apr2024framework.script.LoginTest" tests="1" failures="0" timestamp="15 May 2024 15:24:57 GMT" time="7.706" errors="0">
  <testcase name="testLogin" time="7.706" classname="com.apr2024framework.script.LoginTest"/>
</testsuite> <!-- com.apr2024framework.script.LoginTest -->
